2023-12-18T22:06:16+00:00 CRITICAL Uncaught Error: Call to undefined function wc_adp_get_product_discount_percentage() in C:\laragon\www\WPelegancebones\wp-content\themes\EleganceBones\includes\woocommerce-hooks-modify.php:149
Stack trace:
#0 C:\laragon\www\WPelegancebones\wp-includes\class-wp-hook.php(324): cambiar_mensaje_oferta_con_acf('')
#1 C:\laragon\www\WPelegancebones\wp-includes\class-wp-hook.php(348): WP_Hook->apply_filters(NULL, Array)
#2 C:\laragon\www\WPelegancebones\wp-includes\plugin.php(517): WP_Hook->do_action(Array)
#3 C:\laragon\www\WPelegancebones\wp-content\themes\EleganceBones\woocommerce\content-product.php(42): do_action('woocommerce_bef...')
#4 C:\laragon\www\WPelegancebones\wp-includes\template.php(792): require('C:\\laragon\\www\\...')
#5 C:\laragon\www\WPelegancebones\wp-content\plugins\woocommerce\includes\wc-core-functions.php(284): load_template('C:\\laragon\\www\\...', false)
#6 C:\laragon\www\WPelegancebones\wp-content\plugins\woocommerce\includes\shortcodes\class-wc-shortcode-products.php(660): wc_get_template_part('content', 'product')
#7 C:\laragon\www\WPelegancebones\wp-content\plugins\woocommerce\includes\shortcodes\class-wc-shortcode-products.php(100): WC_Shortcode_Products->product_loop()
#8 C:\laragon\www\WPelegancebones\wp-content\plugins\woocommerce\includes\class-wc-shortcodes.php(259): WC_Shortcode_Products->get_content()
#9 C:\laragon\www\WPelegancebones\wp-includes\shortcodes.php(433): WC_Shortcodes::recent_products(Array, '', 'recent_products')
#10 [internal function]: do_shortcode_tag(Array)
#11 C:\laragon\www\WPelegancebones\wp-includes\shortcodes.php(273): preg_replace_callback('/\\[(\\[?)(recent...', 'do_shortcode_ta...', '[recent_product...')
#12 C:\laragon\www\WPelegancebones\wp-content\themes\EleganceBones\includes\shortcode.php(60): do_shortcode('[recent_product...')
#13 C:\laragon\www\WPelegancebones\wp-content\themes\EleganceBones\template-inicio.php(15): productos_por_novedades('fade-down-left', 'fade-right')
#14 C:\laragon\www\WPelegancebones\wp-includes\template-loader.php(106): include('C:\\laragon\\www\\...')
#15 C:\laragon\www\WPelegancebones\wp-blog-header.php(19): require_once('C:\\laragon\\www\\...')
#16 C:\laragon\www\WPelegancebones\index.php(17): require('C:\\laragon\\www\\...')
#17 {main}
  thrown en C:\laragon\www\WPelegancebones\wp-content\themes\EleganceBones\includes\woocommerce-hooks-modify.php en la línea 149

2023-12-18T22:07:38+00:00 CRITICAL Uncaught Error: Call to undefined function wc_adp_get_discounts_for_product() in C:\laragon\www\WPelegancebones\wp-content\themes\EleganceBones\includes\woocommerce-hooks-modify.php:149
Stack trace:
#0 C:\laragon\www\WPelegancebones\wp-includes\class-wp-hook.php(324): cambiar_mensaje_oferta_con_acf('')
#1 C:\laragon\www\WPelegancebones\wp-includes\class-wp-hook.php(348): WP_Hook->apply_filters(NULL, Array)
#2 C:\laragon\www\WPelegancebones\wp-includes\plugin.php(517): WP_Hook->do_action(Array)
#3 C:\laragon\www\WPelegancebones\wp-content\themes\EleganceBones\woocommerce\content-product.php(42): do_action('woocommerce_bef...')
#4 C:\laragon\www\WPelegancebones\wp-includes\template.php(792): require('C:\\laragon\\www\\...')
#5 C:\laragon\www\WPelegancebones\wp-content\plugins\woocommerce\includes\wc-core-functions.php(284): load_template('C:\\laragon\\www\\...', false)
#6 C:\laragon\www\WPelegancebones\wp-content\plugins\woocommerce\includes\shortcodes\class-wc-shortcode-products.php(660): wc_get_template_part('content', 'product')
#7 C:\laragon\www\WPelegancebones\wp-content\plugins\woocommerce\includes\shortcodes\class-wc-shortcode-products.php(100): WC_Shortcode_Products->product_loop()
#8 C:\laragon\www\WPelegancebones\wp-content\plugins\woocommerce\includes\class-wc-shortcodes.php(259): WC_Shortcode_Products->get_content()
#9 C:\laragon\www\WPelegancebones\wp-includes\shortcodes.php(433): WC_Shortcodes::recent_products(Array, '', 'recent_products')
#10 [internal function]: do_shortcode_tag(Array)
#11 C:\laragon\www\WPelegancebones\wp-includes\shortcodes.php(273): preg_replace_callback('/\\[(\\[?)(recent...', 'do_shortcode_ta...', '[recent_product...')
#12 C:\laragon\www\WPelegancebones\wp-content\themes\EleganceBones\includes\shortcode.php(60): do_shortcode('[recent_product...')
#13 C:\laragon\www\WPelegancebones\wp-content\themes\EleganceBones\template-inicio.php(15): productos_por_novedades('fade-down-left', 'fade-right')
#14 C:\laragon\www\WPelegancebones\wp-includes\template-loader.php(106): include('C:\\laragon\\www\\...')
#15 C:\laragon\www\WPelegancebones\wp-blog-header.php(19): require_once('C:\\laragon\\www\\...')
#16 C:\laragon\www\WPelegancebones\index.php(17): require('C:\\laragon\\www\\...')
#17 {main}
  thrown en C:\laragon\www\WPelegancebones\wp-content\themes\EleganceBones\includes\woocommerce-hooks-modify.php en la línea 149

2023-12-18T22:10:48+00:00 CRITICAL Uncaught Error: Class "WC_Advanced_Pricing" not found in C:\laragon\www\WPelegancebones\wp-content\themes\EleganceBones\includes\woocommerce-hooks-modify.php:152
Stack trace:
#0 C:\laragon\www\WPelegancebones\wp-includes\class-wp-hook.php(324): cambiar_mensaje_oferta_con_acf('')
#1 C:\laragon\www\WPelegancebones\wp-includes\class-wp-hook.php(348): WP_Hook->apply_filters(NULL, Array)
#2 C:\laragon\www\WPelegancebones\wp-includes\plugin.php(517): WP_Hook->do_action(Array)
#3 C:\laragon\www\WPelegancebones\wp-content\themes\EleganceBones\woocommerce\content-product.php(42): do_action('woocommerce_bef...')
#4 C:\laragon\www\WPelegancebones\wp-includes\template.php(792): require('C:\\laragon\\www\\...')
#5 C:\laragon\www\WPelegancebones\wp-content\plugins\woocommerce\includes\wc-core-functions.php(284): load_template('C:\\laragon\\www\\...', false)
#6 C:\laragon\www\WPelegancebones\wp-content\plugins\woocommerce\includes\shortcodes\class-wc-shortcode-products.php(660): wc_get_template_part('content', 'product')
#7 C:\laragon\www\WPelegancebones\wp-content\plugins\woocommerce\includes\shortcodes\class-wc-shortcode-products.php(100): WC_Shortcode_Products->product_loop()
#8 C:\laragon\www\WPelegancebones\wp-content\plugins\woocommerce\includes\class-wc-shortcodes.php(259): WC_Shortcode_Products->get_content()
#9 C:\laragon\www\WPelegancebones\wp-includes\shortcodes.php(433): WC_Shortcodes::recent_products(Array, '', 'recent_products')
#10 [internal function]: do_shortcode_tag(Array)
#11 C:\laragon\www\WPelegancebones\wp-includes\shortcodes.php(273): preg_replace_callback('/\\[(\\[?)(recent...', 'do_shortcode_ta...', '[recent_product...')
#12 C:\laragon\www\WPelegancebones\wp-content\themes\EleganceBones\includes\shortcode.php(60): do_shortcode('[recent_product...')
#13 C:\laragon\www\WPelegancebones\wp-content\themes\EleganceBones\template-inicio.php(15): productos_por_novedades('fade-down-left', 'fade-right')
#14 C:\laragon\www\WPelegancebones\wp-includes\template-loader.php(106): include('C:\\laragon\\www\\...')
#15 C:\laragon\www\WPelegancebones\wp-blog-header.php(19): require_once('C:\\laragon\\www\\...')
#16 C:\laragon\www\WPelegancebones\index.php(17): require('C:\\laragon\\www\\...')
#17 {main}
  thrown en C:\laragon\www\WPelegancebones\wp-content\themes\EleganceBones\includes\woocommerce-hooks-modify.php en la línea 152

2023-12-18T23:55:30+00:00 CRITICAL Uncaught Error: Failed opening required 'C:\laragon\www\WPelegancebones/wp-content/themes/EleganceBones./carrito_nav.php' (include_path='.;C:/laragon/etc/php/pear') in C:\laragon\www\WPelegancebones\wp-content\themes\EleganceBones\template\navegacion_principal.php:23
Stack trace:
#0 C:\laragon\www\WPelegancebones\wp-content\themes\EleganceBones\header.php(46): require()
#1 C:\laragon\www\WPelegancebones\wp-includes\template.php(790): require_once('C:\\laragon\\www\\...')
#2 C:\laragon\www\WPelegancebones\wp-includes\template.php(725): load_template('C:\\laragon\\www\\...', true, Array)
#3 C:\laragon\www\WPelegancebones\wp-includes\general-template.php(48): locate_template(Array, true, true, Array)
#4 C:\laragon\www\WPelegancebones\wp-content\themes\EleganceBones\template-inicio.php(7): get_header()
#5 C:\laragon\www\WPelegancebones\wp-includes\template-loader.php(106): include('C:\\laragon\\www\\...')
#6 C:\laragon\www\WPelegancebones\wp-blog-header.php(19): require_once('C:\\laragon\\www\\...')
#7 C:\laragon\www\WPelegancebones\index.php(17): require('C:\\laragon\\www\\...')
#8 {main}
  thrown en C:\laragon\www\WPelegancebones\wp-content\themes\EleganceBones\template\navegacion_principal.php en la línea 23

2023-12-18T23:55:41+00:00 CRITICAL Uncaught Error: Failed opening required 'C:\laragon\www\WPelegancebones/wp-content/themes/EleganceBones/carrito_nav.php' (include_path='.;C:/laragon/etc/php/pear') in C:\laragon\www\WPelegancebones\wp-content\themes\EleganceBones\template\navegacion_principal.php:23
Stack trace:
#0 C:\laragon\www\WPelegancebones\wp-content\themes\EleganceBones\header.php(46): require()
#1 C:\laragon\www\WPelegancebones\wp-includes\template.php(790): require_once('C:\\laragon\\www\\...')
#2 C:\laragon\www\WPelegancebones\wp-includes\template.php(725): load_template('C:\\laragon\\www\\...', true, Array)
#3 C:\laragon\www\WPelegancebones\wp-includes\general-template.php(48): locate_template(Array, true, true, Array)
#4 C:\laragon\www\WPelegancebones\wp-content\themes\EleganceBones\template-inicio.php(7): get_header()
#5 C:\laragon\www\WPelegancebones\wp-includes\template-loader.php(106): include('C:\\laragon\\www\\...')
#6 C:\laragon\www\WPelegancebones\wp-blog-header.php(19): require_once('C:\\laragon\\www\\...')
#7 C:\laragon\www\WPelegancebones\index.php(17): require('C:\\laragon\\www\\...')
#8 {main}
  thrown en C:\laragon\www\WPelegancebones\wp-content\themes\EleganceBones\template\navegacion_principal.php en la línea 23

2023-12-18T23:55:49+00:00 CRITICAL Uncaught Error: Failed opening required 'C:\laragon\www\WPelegancebones/wp-content/themes/EleganceBonescarrito_nav.php' (include_path='.;C:/laragon/etc/php/pear') in C:\laragon\www\WPelegancebones\wp-content\themes\EleganceBones\template\navegacion_principal.php:23
Stack trace:
#0 C:\laragon\www\WPelegancebones\wp-content\themes\EleganceBones\header.php(46): require()
#1 C:\laragon\www\WPelegancebones\wp-includes\template.php(790): require_once('C:\\laragon\\www\\...')
#2 C:\laragon\www\WPelegancebones\wp-includes\template.php(725): load_template('C:\\laragon\\www\\...', true, Array)
#3 C:\laragon\www\WPelegancebones\wp-includes\general-template.php(48): locate_template(Array, true, true, Array)
#4 C:\laragon\www\WPelegancebones\wp-content\themes\EleganceBones\template-inicio.php(7): get_header()
#5 C:\laragon\www\WPelegancebones\wp-includes\template-loader.php(106): include('C:\\laragon\\www\\...')
#6 C:\laragon\www\WPelegancebones\wp-blog-header.php(19): require_once('C:\\laragon\\www\\...')
#7 C:\laragon\www\WPelegancebones\index.php(17): require('C:\\laragon\\www\\...')
#8 {main}
  thrown en C:\laragon\www\WPelegancebones\wp-content\themes\EleganceBones\template\navegacion_principal.php en la línea 23

2023-12-18T23:55:53+00:00 CRITICAL Uncaught Error: Failed opening required 'C:\laragon\www\WPelegancebones/wp-content/themes/EleganceBones../carrito_nav.php' (include_path='.;C:/laragon/etc/php/pear') in C:\laragon\www\WPelegancebones\wp-content\themes\EleganceBones\template\navegacion_principal.php:23
Stack trace:
#0 C:\laragon\www\WPelegancebones\wp-content\themes\EleganceBones\header.php(46): require()
#1 C:\laragon\www\WPelegancebones\wp-includes\template.php(790): require_once('C:\\laragon\\www\\...')
#2 C:\laragon\www\WPelegancebones\wp-includes\template.php(725): load_template('C:\\laragon\\www\\...', true, Array)
#3 C:\laragon\www\WPelegancebones\wp-includes\general-template.php(48): locate_template(Array, true, true, Array)
#4 C:\laragon\www\WPelegancebones\wp-content\themes\EleganceBones\template-inicio.php(7): get_header()
#5 C:\laragon\www\WPelegancebones\wp-includes\template-loader.php(106): include('C:\\laragon\\www\\...')
#6 C:\laragon\www\WPelegancebones\wp-blog-header.php(19): require_once('C:\\laragon\\www\\...')
#7 C:\laragon\www\WPelegancebones\index.php(17): require('C:\\laragon\\www\\...')
#8 {main}
  thrown en C:\laragon\www\WPelegancebones\wp-content\themes\EleganceBones\template\navegacion_principal.php en la línea 23

