2023-12-05T00:48:10+00:00 CRITICAL Uncaught Error: Failed opening required 'C:\laragon\www\WPelegancebones/wp-content/themes/EleganceBones/assets/svg-filter.php' (include_path='.;C:/laragon/etc/php/pear') in C:\laragon\www\WPelegancebones\wp-content\themes\EleganceBones\template-parts\inicio.php:2
Stack trace:
#0 C:\laragon\www\WPelegancebones\wp-includes\template.php(792): require()
#1 C:\laragon\www\WPelegancebones\wp-includes\template.php(725): load_template('C:\\laragon\\www\\...', false, Array)
#2 C:\laragon\www\WPelegancebones\wp-includes\general-template.php(206): locate_template(Array, true, false, Array)
#3 C:\laragon\www\WPelegancebones\wp-content\themes\EleganceBones\template-inicio.php(11): get_template_part('template-parts/...')
#4 C:\laragon\www\WPelegancebones\wp-includes\template-loader.php(106): include('C:\\laragon\\www\\...')
#5 C:\laragon\www\WPelegancebones\wp-blog-header.php(19): require_once('C:\\laragon\\www\\...')
#6 C:\laragon\www\WPelegancebones\index.php(17): require('C:\\laragon\\www\\...')
#7 {main}
  thrown en C:\laragon\www\WPelegancebones\wp-content\themes\EleganceBones\template-parts\inicio.php en la línea 2

2023-12-05T00:48:21+00:00 CRITICAL Uncaught Error: Failed opening required 'C:\laragon\www\WPelegancebones/wp-content/themes/EleganceBones/assets/svg-filter.php' (include_path='.;C:/laragon/etc/php/pear') in C:\laragon\www\WPelegancebones\wp-content\themes\EleganceBones\template-parts\inicio.php:2
Stack trace:
#0 C:\laragon\www\WPelegancebones\wp-includes\template.php(792): require()
#1 C:\laragon\www\WPelegancebones\wp-includes\template.php(725): load_template('C:\\laragon\\www\\...', false, Array)
#2 C:\laragon\www\WPelegancebones\wp-includes\general-template.php(206): locate_template(Array, true, false, Array)
#3 C:\laragon\www\WPelegancebones\wp-content\themes\EleganceBones\template-inicio.php(11): get_template_part('template-parts/...')
#4 C:\laragon\www\WPelegancebones\wp-includes\template-loader.php(106): include('C:\\laragon\\www\\...')
#5 C:\laragon\www\WPelegancebones\wp-blog-header.php(19): require_once('C:\\laragon\\www\\...')
#6 C:\laragon\www\WPelegancebones\index.php(17): require('C:\\laragon\\www\\...')
#7 {main}
  thrown en C:\laragon\www\WPelegancebones\wp-content\themes\EleganceBones\template-parts\inicio.php en la línea 2

2023-12-05T03:31:02+00:00 CRITICAL Uncaught Error: Call to undefined method WC_Product_Query::max_num_pages() in C:\laragon\www\WPelegancebones\wp-content\themes\EleganceBones\template-parts\tienda.php:43
Stack trace:
#0 C:\laragon\www\WPelegancebones\wp-includes\template.php(792): require()
#1 C:\laragon\www\WPelegancebones\wp-includes\template.php(725): load_template('C:\\laragon\\www\\...', false, Array)
#2 C:\laragon\www\WPelegancebones\wp-includes\general-template.php(206): locate_template(Array, true, false, Array)
#3 C:\laragon\www\WPelegancebones\wp-content\themes\EleganceBones\page-tienda.php(5): get_template_part('template-parts/...')
#4 C:\laragon\www\WPelegancebones\wp-includes\template-loader.php(106): include('C:\\laragon\\www\\...')
#5 C:\laragon\www\WPelegancebones\wp-blog-header.php(19): require_once('C:\\laragon\\www\\...')
#6 C:\laragon\www\WPelegancebones\index.php(17): require('C:\\laragon\\www\\...')
#7 {main}
  thrown en C:\laragon\www\WPelegancebones\wp-content\themes\EleganceBones\template-parts\tienda.php en la línea 43

2023-12-05T03:34:29+00:00 CRITICAL Uncaught Error: Call to undefined method WC_Product_Query::max_num_pages() in C:\laragon\www\WPelegancebones\wp-content\themes\EleganceBones\template-parts\tienda.php:43
Stack trace:
#0 C:\laragon\www\WPelegancebones\wp-includes\template.php(792): require()
#1 C:\laragon\www\WPelegancebones\wp-includes\template.php(725): load_template('C:\\laragon\\www\\...', false, Array)
#2 C:\laragon\www\WPelegancebones\wp-includes\general-template.php(206): locate_template(Array, true, false, Array)
#3 C:\laragon\www\WPelegancebones\wp-content\themes\EleganceBones\page-tienda.php(5): get_template_part('template-parts/...')
#4 C:\laragon\www\WPelegancebones\wp-includes\template-loader.php(106): include('C:\\laragon\\www\\...')
#5 C:\laragon\www\WPelegancebones\wp-blog-header.php(19): require_once('C:\\laragon\\www\\...')
#6 C:\laragon\www\WPelegancebones\index.php(17): require('C:\\laragon\\www\\...')
#7 {main}
  thrown en C:\laragon\www\WPelegancebones\wp-content\themes\EleganceBones\template-parts\tienda.php en la línea 43

2023-12-05T03:36:24+00:00 CRITICAL Uncaught Error: Call to undefined method WC_Product_Query::count() in C:\laragon\www\WPelegancebones\wp-content\themes\EleganceBones\template-parts\tienda.php:43
Stack trace:
#0 C:\laragon\www\WPelegancebones\wp-includes\template.php(792): require()
#1 C:\laragon\www\WPelegancebones\wp-includes\template.php(725): load_template('C:\\laragon\\www\\...', false, Array)
#2 C:\laragon\www\WPelegancebones\wp-includes\general-template.php(206): locate_template(Array, true, false, Array)
#3 C:\laragon\www\WPelegancebones\wp-content\themes\EleganceBones\page-tienda.php(5): get_template_part('template-parts/...')
#4 C:\laragon\www\WPelegancebones\wp-includes\template-loader.php(106): include('C:\\laragon\\www\\...')
#5 C:\laragon\www\WPelegancebones\wp-blog-header.php(19): require_once('C:\\laragon\\www\\...')
#6 C:\laragon\www\WPelegancebones\index.php(17): require('C:\\laragon\\www\\...')
#7 {main}
  thrown en C:\laragon\www\WPelegancebones\wp-content\themes\EleganceBones\template-parts\tienda.php en la línea 43

2023-12-05T03:38:34+00:00 CRITICAL Uncaught Error: Call to undefined method WC_Product_Variable::price() in C:\laragon\www\WPelegancebones\wp-content\themes\EleganceBones\template-parts\tienda.php:37
Stack trace:
#0 C:\laragon\www\WPelegancebones\wp-includes\template.php(792): require()
#1 C:\laragon\www\WPelegancebones\wp-includes\template.php(725): load_template('C:\\laragon\\www\\...', false, Array)
#2 C:\laragon\www\WPelegancebones\wp-includes\general-template.php(206): locate_template(Array, true, false, Array)
#3 C:\laragon\www\WPelegancebones\wp-content\themes\EleganceBones\page-tienda.php(5): get_template_part('template-parts/...')
#4 C:\laragon\www\WPelegancebones\wp-includes\template-loader.php(106): include('C:\\laragon\\www\\...')
#5 C:\laragon\www\WPelegancebones\wp-blog-header.php(19): require_once('C:\\laragon\\www\\...')
#6 C:\laragon\www\WPelegancebones\index.php(17): require('C:\\laragon\\www\\...')
#7 {main}
  thrown en C:\laragon\www\WPelegancebones\wp-content\themes\EleganceBones\template-parts\tienda.php en la línea 37

2023-12-05T03:38:39+00:00 CRITICAL Uncaught Error: Call to undefined method WC_Product_Variable::mount() in C:\laragon\www\WPelegancebones\wp-content\themes\EleganceBones\template-parts\tienda.php:37
Stack trace:
#0 C:\laragon\www\WPelegancebones\wp-includes\template.php(792): require()
#1 C:\laragon\www\WPelegancebones\wp-includes\template.php(725): load_template('C:\\laragon\\www\\...', false, Array)
#2 C:\laragon\www\WPelegancebones\wp-includes\general-template.php(206): locate_template(Array, true, false, Array)
#3 C:\laragon\www\WPelegancebones\wp-content\themes\EleganceBones\page-tienda.php(5): get_template_part('template-parts/...')
#4 C:\laragon\www\WPelegancebones\wp-includes\template-loader.php(106): include('C:\\laragon\\www\\...')
#5 C:\laragon\www\WPelegancebones\wp-blog-header.php(19): require_once('C:\\laragon\\www\\...')
#6 C:\laragon\www\WPelegancebones\index.php(17): require('C:\\laragon\\www\\...')
#7 {main}
  thrown en C:\laragon\www\WPelegancebones\wp-content\themes\EleganceBones\template-parts\tienda.php en la línea 37

2023-12-05T04:24:02+00:00 CRITICAL Uncaught TypeError: call_user_func_array(): Argument #1 ($callback) must be a valid callback, function "registrar_widgets" not found or invalid function name in C:\laragon\www\WPelegancebones\wp-includes\class-wp-hook.php:324
Stack trace:
#0 C:\laragon\www\WPelegancebones\wp-includes\class-wp-hook.php(348): WP_Hook->apply_filters(NULL, Array)
#1 C:\laragon\www\WPelegancebones\wp-includes\plugin.php(517): WP_Hook->do_action(Array)
#2 C:\laragon\www\WPelegancebones\wp-includes\widgets.php(1858): do_action('widgets_init')
#3 C:\laragon\www\WPelegancebones\wp-includes\class-wp-hook.php(324): wp_widgets_init('')
#4 C:\laragon\www\WPelegancebones\wp-includes\class-wp-hook.php(348): WP_Hook->apply_filters(NULL, Array)
#5 C:\laragon\www\WPelegancebones\wp-includes\plugin.php(517): WP_Hook->do_action(Array)
#6 C:\laragon\www\WPelegancebones\wp-settings.php(643): do_action('init')
#7 C:\laragon\www\WPelegancebones\wp-config.php(96): require_once('C:\\laragon\\www\\...')
#8 C:\laragon\www\WPelegancebones\wp-load.php(50): require_once('C:\\laragon\\www\\...')
#9 C:\laragon\www\WPelegancebones\wp-admin\admin-ajax.php(22): require_once('C:\\laragon\\www\\...')
#10 {main}
  thrown en C:\laragon\www\WPelegancebones\wp-includes\class-wp-hook.php en la línea 324

2023-12-05T04:24:03+00:00 CRITICAL Uncaught TypeError: call_user_func_array(): Argument #1 ($callback) must be a valid callback, function "registrar_widgets" not found or invalid function name in C:\laragon\www\WPelegancebones\wp-includes\class-wp-hook.php:324
Stack trace:
#0 C:\laragon\www\WPelegancebones\wp-includes\class-wp-hook.php(348): WP_Hook->apply_filters(NULL, Array)
#1 C:\laragon\www\WPelegancebones\wp-includes\plugin.php(517): WP_Hook->do_action(Array)
#2 C:\laragon\www\WPelegancebones\wp-includes\widgets.php(1858): do_action('widgets_init')
#3 C:\laragon\www\WPelegancebones\wp-includes\class-wp-hook.php(324): wp_widgets_init('')
#4 C:\laragon\www\WPelegancebones\wp-includes\class-wp-hook.php(348): WP_Hook->apply_filters(NULL, Array)
#5 C:\laragon\www\WPelegancebones\wp-includes\plugin.php(517): WP_Hook->do_action(Array)
#6 C:\laragon\www\WPelegancebones\wp-settings.php(643): do_action('init')
#7 C:\laragon\www\WPelegancebones\wp-config.php(96): require_once('C:\\laragon\\www\\...')
#8 C:\laragon\www\WPelegancebones\wp-load.php(50): require_once('C:\\laragon\\www\\...')
#9 C:\laragon\www\WPelegancebones\wp-admin\admin.php(34): require_once('C:\\laragon\\www\\...')
#10 C:\laragon\www\WPelegancebones\wp-admin\widgets.php(10): require_once('C:\\laragon\\www\\...')
#11 {main}
  thrown en C:\laragon\www\WPelegancebones\wp-includes\class-wp-hook.php en la línea 324

2023-12-05T04:24:03+00:00 CRITICAL Uncaught TypeError: call_user_func_array(): Argument #1 ($callback) must be a valid callback, function "registrar_widgets" not found or invalid function name in C:\laragon\www\WPelegancebones\wp-includes\class-wp-hook.php:324
Stack trace:
#0 C:\laragon\www\WPelegancebones\wp-includes\class-wp-hook.php(348): WP_Hook->apply_filters(NULL, Array)
#1 C:\laragon\www\WPelegancebones\wp-includes\plugin.php(517): WP_Hook->do_action(Array)
#2 C:\laragon\www\WPelegancebones\wp-includes\widgets.php(1858): do_action('widgets_init')
#3 C:\laragon\www\WPelegancebones\wp-includes\class-wp-hook.php(324): wp_widgets_init('')
#4 C:\laragon\www\WPelegancebones\wp-includes\class-wp-hook.php(348): WP_Hook->apply_filters(NULL, Array)
#5 C:\laragon\www\WPelegancebones\wp-includes\plugin.php(517): WP_Hook->do_action(Array)
#6 C:\laragon\www\WPelegancebones\wp-settings.php(643): do_action('init')
#7 C:\laragon\www\WPelegancebones\wp-config.php(96): require_once('C:\\laragon\\www\\...')
#8 C:\laragon\www\WPelegancebones\wp-load.php(50): require_once('C:\\laragon\\www\\...')
#9 C:\laragon\www\WPelegancebones\wp-blog-header.php(13): require_once('C:\\laragon\\www\\...')
#10 C:\laragon\www\WPelegancebones\index.php(17): require('C:\\laragon\\www\\...')
#11 {main}
  thrown en C:\laragon\www\WPelegancebones\wp-includes\class-wp-hook.php en la línea 324

2023-12-05T18:16:35+00:00 CRITICAL Uncaught Error: [] operator not supported for strings in C:\laragon\www\WPelegancebones\wp-content\themes\EleganceBones\functions.php:59
Stack trace:
#0 C:\laragon\www\WPelegancebones\wp-includes\class-wp-hook.php(324): custom_shop_query(Object(WP_Query))
#1 C:\laragon\www\WPelegancebones\wp-includes\class-wp-hook.php(348): WP_Hook->apply_filters(NULL, Array)
#2 C:\laragon\www\WPelegancebones\wp-includes\plugin.php(565): WP_Hook->do_action(Array)
#3 C:\laragon\www\WPelegancebones\wp-includes\class-wp-query.php(1881): do_action_ref_array('pre_get_posts', Array)
#4 C:\laragon\www\WPelegancebones\wp-includes\class-wp-query.php(3824): WP_Query->get_posts()
#5 C:\laragon\www\WPelegancebones\wp-includes\class-wp.php(696): WP_Query->query(Array)
#6 C:\laragon\www\WPelegancebones\wp-includes\class-wp.php(816): WP->query_posts()
#7 C:\laragon\www\WPelegancebones\wp-includes\functions.php(1336): WP->main('')
#8 C:\laragon\www\WPelegancebones\wp-blog-header.php(16): wp()
#9 C:\laragon\www\WPelegancebones\index.php(17): require('C:\\laragon\\www\\...')
#10 {main}
  thrown en C:\laragon\www\WPelegancebones\wp-content\themes\EleganceBones\functions.php en la línea 59

2023-12-05T18:16:48+00:00 CRITICAL Uncaught Error: [] operator not supported for strings in C:\laragon\www\WPelegancebones\wp-content\themes\EleganceBones\functions.php:59
Stack trace:
#0 C:\laragon\www\WPelegancebones\wp-includes\class-wp-hook.php(324): custom_shop_query(Object(WP_Query))
#1 C:\laragon\www\WPelegancebones\wp-includes\class-wp-hook.php(348): WP_Hook->apply_filters(NULL, Array)
#2 C:\laragon\www\WPelegancebones\wp-includes\plugin.php(565): WP_Hook->do_action(Array)
#3 C:\laragon\www\WPelegancebones\wp-includes\class-wp-query.php(1881): do_action_ref_array('pre_get_posts', Array)
#4 C:\laragon\www\WPelegancebones\wp-includes\class-wp-query.php(3824): WP_Query->get_posts()
#5 C:\laragon\www\WPelegancebones\wp-includes\class-wp.php(696): WP_Query->query(Array)
#6 C:\laragon\www\WPelegancebones\wp-includes\class-wp.php(816): WP->query_posts()
#7 C:\laragon\www\WPelegancebones\wp-includes\functions.php(1336): WP->main('')
#8 C:\laragon\www\WPelegancebones\wp-blog-header.php(16): wp()
#9 C:\laragon\www\WPelegancebones\index.php(17): require('C:\\laragon\\www\\...')
#10 {main}
  thrown en C:\laragon\www\WPelegancebones\wp-content\themes\EleganceBones\functions.php en la línea 59

2023-12-05T18:23:33+00:00 CRITICAL Uncaught TypeError: call_user_func_array(): Argument #1 ($callback) must be a valid callback, function "custom_shop_query_reset" not found or invalid function name in C:\laragon\www\WPelegancebones\wp-includes\class-wp-hook.php:324
Stack trace:
#0 C:\laragon\www\WPelegancebones\wp-includes\class-wp-hook.php(348): WP_Hook->apply_filters(NULL, Array)
#1 C:\laragon\www\WPelegancebones\wp-includes\plugin.php(565): WP_Hook->do_action(Array)
#2 C:\laragon\www\WPelegancebones\wp-includes\class-wp-query.php(1881): do_action_ref_array('pre_get_posts', Array)
#3 C:\laragon\www\WPelegancebones\wp-includes\class-wp-query.php(3824): WP_Query->get_posts()
#4 C:\laragon\www\WPelegancebones\wp-includes\class-wp.php(696): WP_Query->query(Array)
#5 C:\laragon\www\WPelegancebones\wp-includes\class-wp.php(816): WP->query_posts()
#6 C:\laragon\www\WPelegancebones\wp-includes\functions.php(1336): WP->main('')
#7 C:\laragon\www\WPelegancebones\wp-blog-header.php(16): wp()
#8 C:\laragon\www\WPelegancebones\index.php(17): require('C:\\laragon\\www\\...')
#9 {main}
  thrown en C:\laragon\www\WPelegancebones\wp-includes\class-wp-hook.php en la línea 324

2023-12-05T20:15:24+00:00 CRITICAL Uncaught Error: Class "Custom_Price_Filter_Widget" not found in C:\laragon\www\WPelegancebones\wp-includes\class-wp-widget-factory.php:62
Stack trace:
#0 C:\laragon\www\WPelegancebones\wp-includes\widgets.php(115): WP_Widget_Factory->register('Custom_Price_Fi...')
#1 C:\laragon\www\WPelegancebones\wp-content\themes\EleganceBones\includes\widgets.php(48): register_widget('Custom_Price_Fi...')
#2 C:\laragon\www\WPelegancebones\wp-includes\class-wp-hook.php(324): register_custom_price_filter_widget('')
#3 C:\laragon\www\WPelegancebones\wp-includes\class-wp-hook.php(348): WP_Hook->apply_filters(NULL, Array)
#4 C:\laragon\www\WPelegancebones\wp-includes\plugin.php(517): WP_Hook->do_action(Array)
#5 C:\laragon\www\WPelegancebones\wp-includes\widgets.php(1858): do_action('widgets_init')
#6 C:\laragon\www\WPelegancebones\wp-includes\class-wp-hook.php(324): wp_widgets_init('')
#7 C:\laragon\www\WPelegancebones\wp-includes\class-wp-hook.php(348): WP_Hook->apply_filters(NULL, Array)
#8 C:\laragon\www\WPelegancebones\wp-includes\plugin.php(517): WP_Hook->do_action(Array)
#9 C:\laragon\www\WPelegancebones\wp-settings.php(643): do_action('init')
#10 C:\laragon\www\WPelegancebones\wp-config.php(96): require_once('C:\\laragon\\www\\...')
#11 C:\laragon\www\WPelegancebones\wp-load.php(50): require_once('C:\\laragon\\www\\...')
#12 C:\laragon\www\WPelegancebones\wp-admin\admin-ajax.php(22): require_once('C:\\laragon\\www\\...')
#13 {main}
  thrown en C:\laragon\www\WPelegancebones\wp-includes\class-wp-widget-factory.php en la línea 62

2023-12-05T20:15:26+00:00 CRITICAL Uncaught Error: Class "Custom_Price_Filter_Widget" not found in C:\laragon\www\WPelegancebones\wp-includes\class-wp-widget-factory.php:62
Stack trace:
#0 C:\laragon\www\WPelegancebones\wp-includes\widgets.php(115): WP_Widget_Factory->register('Custom_Price_Fi...')
#1 C:\laragon\www\WPelegancebones\wp-content\themes\EleganceBones\includes\widgets.php(48): register_widget('Custom_Price_Fi...')
#2 C:\laragon\www\WPelegancebones\wp-includes\class-wp-hook.php(324): register_custom_price_filter_widget('')
#3 C:\laragon\www\WPelegancebones\wp-includes\class-wp-hook.php(348): WP_Hook->apply_filters(NULL, Array)
#4 C:\laragon\www\WPelegancebones\wp-includes\plugin.php(517): WP_Hook->do_action(Array)
#5 C:\laragon\www\WPelegancebones\wp-includes\widgets.php(1858): do_action('widgets_init')
#6 C:\laragon\www\WPelegancebones\wp-includes\class-wp-hook.php(324): wp_widgets_init('')
#7 C:\laragon\www\WPelegancebones\wp-includes\class-wp-hook.php(348): WP_Hook->apply_filters(NULL, Array)
#8 C:\laragon\www\WPelegancebones\wp-includes\plugin.php(517): WP_Hook->do_action(Array)
#9 C:\laragon\www\WPelegancebones\wp-settings.php(643): do_action('init')
#10 C:\laragon\www\WPelegancebones\wp-config.php(96): require_once('C:\\laragon\\www\\...')
#11 C:\laragon\www\WPelegancebones\wp-load.php(50): require_once('C:\\laragon\\www\\...')
#12 C:\laragon\www\WPelegancebones\wp-blog-header.php(13): require_once('C:\\laragon\\www\\...')
#13 C:\laragon\www\WPelegancebones\index.php(17): require('C:\\laragon\\www\\...')
#14 {main}
  thrown en C:\laragon\www\WPelegancebones\wp-includes\class-wp-widget-factory.php en la línea 62

2023-12-05T20:15:27+00:00 CRITICAL Uncaught Error: Class "Custom_Price_Filter_Widget" not found in C:\laragon\www\WPelegancebones\wp-includes\class-wp-widget-factory.php:62
Stack trace:
#0 C:\laragon\www\WPelegancebones\wp-includes\widgets.php(115): WP_Widget_Factory->register('Custom_Price_Fi...')
#1 C:\laragon\www\WPelegancebones\wp-content\themes\EleganceBones\includes\widgets.php(48): register_widget('Custom_Price_Fi...')
#2 C:\laragon\www\WPelegancebones\wp-includes\class-wp-hook.php(324): register_custom_price_filter_widget('')
#3 C:\laragon\www\WPelegancebones\wp-includes\class-wp-hook.php(348): WP_Hook->apply_filters(NULL, Array)
#4 C:\laragon\www\WPelegancebones\wp-includes\plugin.php(517): WP_Hook->do_action(Array)
#5 C:\laragon\www\WPelegancebones\wp-includes\widgets.php(1858): do_action('widgets_init')
#6 C:\laragon\www\WPelegancebones\wp-includes\class-wp-hook.php(324): wp_widgets_init('')
#7 C:\laragon\www\WPelegancebones\wp-includes\class-wp-hook.php(348): WP_Hook->apply_filters(NULL, Array)
#8 C:\laragon\www\WPelegancebones\wp-includes\plugin.php(517): WP_Hook->do_action(Array)
#9 C:\laragon\www\WPelegancebones\wp-settings.php(643): do_action('init')
#10 C:\laragon\www\WPelegancebones\wp-config.php(96): require_once('C:\\laragon\\www\\...')
#11 C:\laragon\www\WPelegancebones\wp-load.php(50): require_once('C:\\laragon\\www\\...')
#12 C:\laragon\www\WPelegancebones\wp-blog-header.php(13): require_once('C:\\laragon\\www\\...')
#13 C:\laragon\www\WPelegancebones\index.php(17): require('C:\\laragon\\www\\...')
#14 {main}
  thrown en C:\laragon\www\WPelegancebones\wp-includes\class-wp-widget-factory.php en la línea 62

2023-12-05T20:15:39+00:00 CRITICAL Uncaught Error: Class "Custom_Price_Filter_Widget" not found in C:\laragon\www\WPelegancebones\wp-includes\class-wp-widget-factory.php:62
Stack trace:
#0 C:\laragon\www\WPelegancebones\wp-includes\widgets.php(115): WP_Widget_Factory->register('Custom_Price_Fi...')
#1 C:\laragon\www\WPelegancebones\wp-content\themes\EleganceBones\includes\widgets.php(48): register_widget('Custom_Price_Fi...')
#2 C:\laragon\www\WPelegancebones\wp-includes\class-wp-hook.php(324): register_custom_price_filter_widget('')
#3 C:\laragon\www\WPelegancebones\wp-includes\class-wp-hook.php(348): WP_Hook->apply_filters(NULL, Array)
#4 C:\laragon\www\WPelegancebones\wp-includes\plugin.php(517): WP_Hook->do_action(Array)
#5 C:\laragon\www\WPelegancebones\wp-includes\widgets.php(1858): do_action('widgets_init')
#6 C:\laragon\www\WPelegancebones\wp-includes\class-wp-hook.php(324): wp_widgets_init('')
#7 C:\laragon\www\WPelegancebones\wp-includes\class-wp-hook.php(348): WP_Hook->apply_filters(NULL, Array)
#8 C:\laragon\www\WPelegancebones\wp-includes\plugin.php(517): WP_Hook->do_action(Array)
#9 C:\laragon\www\WPelegancebones\wp-settings.php(643): do_action('init')
#10 C:\laragon\www\WPelegancebones\wp-config.php(96): require_once('C:\\laragon\\www\\...')
#11 C:\laragon\www\WPelegancebones\wp-load.php(50): require_once('C:\\laragon\\www\\...')
#12 C:\laragon\www\WPelegancebones\wp-blog-header.php(13): require_once('C:\\laragon\\www\\...')
#13 C:\laragon\www\WPelegancebones\index.php(17): require('C:\\laragon\\www\\...')
#14 {main}
  thrown en C:\laragon\www\WPelegancebones\wp-includes\class-wp-widget-factory.php en la línea 62

2023-12-05T20:15:40+00:00 CRITICAL Uncaught Error: Class "Custom_Price_Filter_Widget" not found in C:\laragon\www\WPelegancebones\wp-includes\class-wp-widget-factory.php:62
Stack trace:
#0 C:\laragon\www\WPelegancebones\wp-includes\widgets.php(115): WP_Widget_Factory->register('Custom_Price_Fi...')
#1 C:\laragon\www\WPelegancebones\wp-content\themes\EleganceBones\includes\widgets.php(48): register_widget('Custom_Price_Fi...')
#2 C:\laragon\www\WPelegancebones\wp-includes\class-wp-hook.php(324): register_custom_price_filter_widget('')
#3 C:\laragon\www\WPelegancebones\wp-includes\class-wp-hook.php(348): WP_Hook->apply_filters(NULL, Array)
#4 C:\laragon\www\WPelegancebones\wp-includes\plugin.php(517): WP_Hook->do_action(Array)
#5 C:\laragon\www\WPelegancebones\wp-includes\widgets.php(1858): do_action('widgets_init')
#6 C:\laragon\www\WPelegancebones\wp-includes\class-wp-hook.php(324): wp_widgets_init('')
#7 C:\laragon\www\WPelegancebones\wp-includes\class-wp-hook.php(348): WP_Hook->apply_filters(NULL, Array)
#8 C:\laragon\www\WPelegancebones\wp-includes\plugin.php(517): WP_Hook->do_action(Array)
#9 C:\laragon\www\WPelegancebones\wp-settings.php(643): do_action('init')
#10 C:\laragon\www\WPelegancebones\wp-config.php(96): require_once('C:\\laragon\\www\\...')
#11 C:\laragon\www\WPelegancebones\wp-load.php(50): require_once('C:\\laragon\\www\\...')
#12 C:\laragon\www\WPelegancebones\wp-blog-header.php(13): require_once('C:\\laragon\\www\\...')
#13 C:\laragon\www\WPelegancebones\index.php(17): require('C:\\laragon\\www\\...')
#14 {main}
  thrown en C:\laragon\www\WPelegancebones\wp-includes\class-wp-widget-factory.php en la línea 62

2023-12-05T20:15:46+00:00 CRITICAL Uncaught Error: Class "Custom_Price_Filter_Widget" not found in C:\laragon\www\WPelegancebones\wp-includes\class-wp-widget-factory.php:62
Stack trace:
#0 C:\laragon\www\WPelegancebones\wp-includes\widgets.php(115): WP_Widget_Factory->register('Custom_Price_Fi...')
#1 C:\laragon\www\WPelegancebones\wp-content\themes\EleganceBones\includes\widgets.php(48): register_widget('Custom_Price_Fi...')
#2 C:\laragon\www\WPelegancebones\wp-includes\class-wp-hook.php(324): register_custom_price_filter_widget('')
#3 C:\laragon\www\WPelegancebones\wp-includes\class-wp-hook.php(348): WP_Hook->apply_filters(NULL, Array)
#4 C:\laragon\www\WPelegancebones\wp-includes\plugin.php(517): WP_Hook->do_action(Array)
#5 C:\laragon\www\WPelegancebones\wp-includes\widgets.php(1858): do_action('widgets_init')
#6 C:\laragon\www\WPelegancebones\wp-includes\class-wp-hook.php(324): wp_widgets_init('')
#7 C:\laragon\www\WPelegancebones\wp-includes\class-wp-hook.php(348): WP_Hook->apply_filters(NULL, Array)
#8 C:\laragon\www\WPelegancebones\wp-includes\plugin.php(517): WP_Hook->do_action(Array)
#9 C:\laragon\www\WPelegancebones\wp-settings.php(643): do_action('init')
#10 C:\laragon\www\WPelegancebones\wp-config.php(96): require_once('C:\\laragon\\www\\...')
#11 C:\laragon\www\WPelegancebones\wp-load.php(50): require_once('C:\\laragon\\www\\...')
#12 C:\laragon\www\WPelegancebones\wp-admin\admin-ajax.php(22): require_once('C:\\laragon\\www\\...')
#13 {main}
  thrown en C:\laragon\www\WPelegancebones\wp-includes\class-wp-widget-factory.php en la línea 62

2023-12-05T20:51:20+00:00 CRITICAL Uncaught Error: [] operator not supported for strings in C:\laragon\www\WPelegancebones\wp-content\themes\EleganceBones\functions.php:98
Stack trace:
#0 C:\laragon\www\WPelegancebones\wp-includes\class-wp-hook.php(324): modificar_consulta_por_precio(Object(WP_Query))
#1 C:\laragon\www\WPelegancebones\wp-includes\class-wp-hook.php(348): WP_Hook->apply_filters(NULL, Array)
#2 C:\laragon\www\WPelegancebones\wp-includes\plugin.php(565): WP_Hook->do_action(Array)
#3 C:\laragon\www\WPelegancebones\wp-includes\class-wp-query.php(1881): do_action_ref_array('pre_get_posts', Array)
#4 C:\laragon\www\WPelegancebones\wp-includes\class-wp-query.php(3824): WP_Query->get_posts()
#5 C:\laragon\www\WPelegancebones\wp-includes\class-wp.php(696): WP_Query->query(Array)
#6 C:\laragon\www\WPelegancebones\wp-includes\class-wp.php(816): WP->query_posts()
#7 C:\laragon\www\WPelegancebones\wp-includes\functions.php(1336): WP->main('')
#8 C:\laragon\www\WPelegancebones\wp-blog-header.php(16): wp()
#9 C:\laragon\www\WPelegancebones\index.php(17): require('C:\\laragon\\www\\...')
#10 {main}
  thrown en C:\laragon\www\WPelegancebones\wp-content\themes\EleganceBones\functions.php en la línea 98

2023-12-05T20:52:02+00:00 CRITICAL Uncaught Error: [] operator not supported for strings in C:\laragon\www\WPelegancebones\wp-content\themes\EleganceBones\functions.php:96
Stack trace:
#0 C:\laragon\www\WPelegancebones\wp-includes\class-wp-hook.php(324): modificar_consulta_por_precio(Object(WP_Query))
#1 C:\laragon\www\WPelegancebones\wp-includes\class-wp-hook.php(348): WP_Hook->apply_filters(NULL, Array)
#2 C:\laragon\www\WPelegancebones\wp-includes\plugin.php(565): WP_Hook->do_action(Array)
#3 C:\laragon\www\WPelegancebones\wp-includes\class-wp-query.php(1881): do_action_ref_array('pre_get_posts', Array)
#4 C:\laragon\www\WPelegancebones\wp-includes\class-wp-query.php(3824): WP_Query->get_posts()
#5 C:\laragon\www\WPelegancebones\wp-includes\post.php(2452): WP_Query->query(Array)
#6 C:\laragon\www\WPelegancebones\wp-content\plugins\advanced-custom-fields\includes\class-acf-internal-post-type.php(401): get_posts(Array)
#7 C:\laragon\www\WPelegancebones\wp-content\plugins\advanced-custom-fields\includes\class-acf-internal-post-type.php(359): ACF_Internal_Post_Type->get_raw_posts()
#8 C:\laragon\www\WPelegancebones\wp-content\plugins\advanced-custom-fields\includes\post-types\class-acf-taxonomy.php(126): ACF_Internal_Post_Type->get_posts(Array)
#9 C:\laragon\www\WPelegancebones\wp-includes\class-wp-hook.php(324): ACF_Taxonomy->register_taxonomies(6)
#10 C:\laragon\www\WPelegancebones\wp-includes\class-wp-hook.php(348): WP_Hook->apply_filters('', Array)
#11 C:\laragon\www\WPelegancebones\wp-includes\plugin.php(517): WP_Hook->do_action(Array)
#12 C:\laragon\www\WPelegancebones\wp-content\plugins\advanced-custom-fields\acf.php(399): do_action('acf/init', 6)
#13 C:\laragon\www\WPelegancebones\wp-includes\class-wp-hook.php(324): ACF->init('')
#14 C:\laragon\www\WPelegancebones\wp-includes\class-wp-hook.php(348): WP_Hook->apply_filters(NULL, Array)
#15 C:\laragon\www\WPelegancebones\wp-includes\plugin.php(517): WP_Hook->do_action(Array)
#16 C:\laragon\www\WPelegancebones\wp-settings.php(643): do_action('init')
#17 C:\laragon\www\WPelegancebones\wp-config.php(96): require_once('C:\\laragon\\www\\...')
#18 C:\laragon\www\WPelegancebones\wp-load.php(50): require_once('C:\\laragon\\www\\...')
#19 C:\laragon\www\WPelegancebones\wp-blog-header.php(13): require_once('C:\\laragon\\www\\...')
#20 C:\laragon\www\WPelegancebones\index.php(17): require('C:\\laragon\\www\\...')
#21 {main}
  thrown en C:\laragon\www\WPelegancebones\wp-content\themes\EleganceBones\functions.php en la línea 96

2023-12-05T21:27:40+00:00 CRITICAL Uncaught ValueError: Path cannot be empty in C:\laragon\www\WPelegancebones\wp-content\themes\EleganceBones\page-tienda.php:7
Stack trace:
#0 C:\laragon\www\WPelegancebones\wp-includes\template-loader.php(106): include()
#1 C:\laragon\www\WPelegancebones\wp-blog-header.php(19): require_once('C:\\laragon\\www\\...')
#2 C:\laragon\www\WPelegancebones\index.php(17): require('C:\\laragon\\www\\...')
#3 {main}
  thrown en C:\laragon\www\WPelegancebones\wp-content\themes\EleganceBones\page-tienda.php en la línea 7

