2023-12-07T00:42:06+00:00 CRITICAL Uncaught ArgumentCountError: Too few arguments to function remove_action(), 1 passed in C:\laragon\www\WPelegancebones\wp-content\themes\EleganceBones\functions.php on line 184 and at least 2 expected in C:\laragon\www\WPelegancebones\wp-includes\plugin.php:612
Stack trace:
#0 C:\laragon\www\WPelegancebones\wp-content\themes\EleganceBones\functions.php(184): remove_action('woocommerce_aft...')
#1 C:\laragon\www\WPelegancebones\wp-settings.php(611): include('C:\\laragon\\www\\...')
#2 C:\laragon\www\WPelegancebones\wp-config.php(96): require_once('C:\\laragon\\www\\...')
#3 C:\laragon\www\WPelegancebones\wp-load.php(50): require_once('C:\\laragon\\www\\...')
#4 C:\laragon\www\WPelegancebones\wp-admin\admin-ajax.php(22): require_once('C:\\laragon\\www\\...')
#5 {main}
  thrown en C:\laragon\www\WPelegancebones\wp-includes\plugin.php en la línea 612

2023-12-07T00:43:06+00:00 CRITICAL Uncaught ArgumentCountError: Too few arguments to function remove_action(), 1 passed in C:\laragon\www\WPelegancebones\wp-content\themes\EleganceBones\functions.php on line 184 and at least 2 expected in C:\laragon\www\WPelegancebones\wp-includes\plugin.php:612
Stack trace:
#0 C:\laragon\www\WPelegancebones\wp-content\themes\EleganceBones\functions.php(184): remove_action('woocommerce_aft...')
#1 C:\laragon\www\WPelegancebones\wp-settings.php(611): include('C:\\laragon\\www\\...')
#2 C:\laragon\www\WPelegancebones\wp-config.php(96): require_once('C:\\laragon\\www\\...')
#3 C:\laragon\www\WPelegancebones\wp-load.php(50): require_once('C:\\laragon\\www\\...')
#4 C:\laragon\www\WPelegancebones\wp-admin\admin-ajax.php(22): require_once('C:\\laragon\\www\\...')
#5 {main}
  thrown en C:\laragon\www\WPelegancebones\wp-includes\plugin.php en la línea 612

2023-12-07T00:45:07+00:00 CRITICAL Uncaught ArgumentCountError: Too few arguments to function remove_action(), 1 passed in C:\laragon\www\WPelegancebones\wp-content\themes\EleganceBones\functions.php on line 184 and at least 2 expected in C:\laragon\www\WPelegancebones\wp-includes\plugin.php:612
Stack trace:
#0 C:\laragon\www\WPelegancebones\wp-content\themes\EleganceBones\functions.php(184): remove_action('woocommerce_aft...')
#1 C:\laragon\www\WPelegancebones\wp-settings.php(611): include('C:\\laragon\\www\\...')
#2 C:\laragon\www\WPelegancebones\wp-config.php(96): require_once('C:\\laragon\\www\\...')
#3 C:\laragon\www\WPelegancebones\wp-load.php(50): require_once('C:\\laragon\\www\\...')
#4 C:\laragon\www\WPelegancebones\wp-admin\admin-ajax.php(22): require_once('C:\\laragon\\www\\...')
#5 {main}
  thrown en C:\laragon\www\WPelegancebones\wp-includes\plugin.php en la línea 612

2023-12-07T00:46:03+00:00 CRITICAL Uncaught ArgumentCountError: Too few arguments to function remove_action(), 1 passed in C:\laragon\www\WPelegancebones\wp-content\themes\EleganceBones\functions.php on line 184 and at least 2 expected in C:\laragon\www\WPelegancebones\wp-includes\plugin.php:612
Stack trace:
#0 C:\laragon\www\WPelegancebones\wp-content\themes\EleganceBones\functions.php(184): remove_action('woocommerce_aft...')
#1 C:\laragon\www\WPelegancebones\wp-settings.php(611): include('C:\\laragon\\www\\...')
#2 C:\laragon\www\WPelegancebones\wp-config.php(96): require_once('C:\\laragon\\www\\...')
#3 C:\laragon\www\WPelegancebones\wp-load.php(50): require_once('C:\\laragon\\www\\...')
#4 C:\laragon\www\WPelegancebones\wp-blog-header.php(13): require_once('C:\\laragon\\www\\...')
#5 C:\laragon\www\WPelegancebones\index.php(17): require('C:\\laragon\\www\\...')
#6 {main}
  thrown en C:\laragon\www\WPelegancebones\wp-includes\plugin.php en la línea 612

2023-12-07T00:46:04+00:00 CRITICAL Uncaught ArgumentCountError: Too few arguments to function remove_action(), 1 passed in C:\laragon\www\WPelegancebones\wp-content\themes\EleganceBones\functions.php on line 184 and at least 2 expected in C:\laragon\www\WPelegancebones\wp-includes\plugin.php:612
Stack trace:
#0 C:\laragon\www\WPelegancebones\wp-content\themes\EleganceBones\functions.php(184): remove_action('woocommerce_aft...')
#1 C:\laragon\www\WPelegancebones\wp-settings.php(611): include('C:\\laragon\\www\\...')
#2 C:\laragon\www\WPelegancebones\wp-config.php(96): require_once('C:\\laragon\\www\\...')
#3 C:\laragon\www\WPelegancebones\wp-load.php(50): require_once('C:\\laragon\\www\\...')
#4 C:\laragon\www\WPelegancebones\wp-blog-header.php(13): require_once('C:\\laragon\\www\\...')
#5 C:\laragon\www\WPelegancebones\index.php(17): require('C:\\laragon\\www\\...')
#6 {main}
  thrown en C:\laragon\www\WPelegancebones\wp-includes\plugin.php en la línea 612

2023-12-07T00:46:08+00:00 CRITICAL Uncaught ArgumentCountError: Too few arguments to function remove_action(), 1 passed in C:\laragon\www\WPelegancebones\wp-content\themes\EleganceBones\functions.php on line 184 and at least 2 expected in C:\laragon\www\WPelegancebones\wp-includes\plugin.php:612
Stack trace:
#0 C:\laragon\www\WPelegancebones\wp-content\themes\EleganceBones\functions.php(184): remove_action('woocommerce_aft...')
#1 C:\laragon\www\WPelegancebones\wp-settings.php(611): include('C:\\laragon\\www\\...')
#2 C:\laragon\www\WPelegancebones\wp-config.php(96): require_once('C:\\laragon\\www\\...')
#3 C:\laragon\www\WPelegancebones\wp-load.php(50): require_once('C:\\laragon\\www\\...')
#4 C:\laragon\www\WPelegancebones\wp-blog-header.php(13): require_once('C:\\laragon\\www\\...')
#5 C:\laragon\www\WPelegancebones\index.php(17): require('C:\\laragon\\www\\...')
#6 {main}
  thrown en C:\laragon\www\WPelegancebones\wp-includes\plugin.php en la línea 612

2023-12-07T00:46:09+00:00 CRITICAL Uncaught ArgumentCountError: Too few arguments to function remove_action(), 1 passed in C:\laragon\www\WPelegancebones\wp-content\themes\EleganceBones\functions.php on line 184 and at least 2 expected in C:\laragon\www\WPelegancebones\wp-includes\plugin.php:612
Stack trace:
#0 C:\laragon\www\WPelegancebones\wp-content\themes\EleganceBones\functions.php(184): remove_action('woocommerce_aft...')
#1 C:\laragon\www\WPelegancebones\wp-settings.php(611): include('C:\\laragon\\www\\...')
#2 C:\laragon\www\WPelegancebones\wp-config.php(96): require_once('C:\\laragon\\www\\...')
#3 C:\laragon\www\WPelegancebones\wp-load.php(50): require_once('C:\\laragon\\www\\...')
#4 C:\laragon\www\WPelegancebones\wp-blog-header.php(13): require_once('C:\\laragon\\www\\...')
#5 C:\laragon\www\WPelegancebones\index.php(17): require('C:\\laragon\\www\\...')
#6 {main}
  thrown en C:\laragon\www\WPelegancebones\wp-includes\plugin.php en la línea 612

2023-12-07T00:46:11+00:00 CRITICAL Uncaught ArgumentCountError: Too few arguments to function remove_action(), 1 passed in C:\laragon\www\WPelegancebones\wp-content\themes\EleganceBones\functions.php on line 184 and at least 2 expected in C:\laragon\www\WPelegancebones\wp-includes\plugin.php:612
Stack trace:
#0 C:\laragon\www\WPelegancebones\wp-content\themes\EleganceBones\functions.php(184): remove_action('woocommerce_aft...')
#1 C:\laragon\www\WPelegancebones\wp-settings.php(611): include('C:\\laragon\\www\\...')
#2 C:\laragon\www\WPelegancebones\wp-config.php(96): require_once('C:\\laragon\\www\\...')
#3 C:\laragon\www\WPelegancebones\wp-load.php(50): require_once('C:\\laragon\\www\\...')
#4 C:\laragon\www\WPelegancebones\wp-blog-header.php(13): require_once('C:\\laragon\\www\\...')
#5 C:\laragon\www\WPelegancebones\index.php(17): require('C:\\laragon\\www\\...')
#6 {main}
  thrown en C:\laragon\www\WPelegancebones\wp-includes\plugin.php en la línea 612

2023-12-07T00:46:12+00:00 CRITICAL Uncaught ArgumentCountError: Too few arguments to function remove_action(), 1 passed in C:\laragon\www\WPelegancebones\wp-content\themes\EleganceBones\functions.php on line 184 and at least 2 expected in C:\laragon\www\WPelegancebones\wp-includes\plugin.php:612
Stack trace:
#0 C:\laragon\www\WPelegancebones\wp-content\themes\EleganceBones\functions.php(184): remove_action('woocommerce_aft...')
#1 C:\laragon\www\WPelegancebones\wp-settings.php(611): include('C:\\laragon\\www\\...')
#2 C:\laragon\www\WPelegancebones\wp-config.php(96): require_once('C:\\laragon\\www\\...')
#3 C:\laragon\www\WPelegancebones\wp-load.php(50): require_once('C:\\laragon\\www\\...')
#4 C:\laragon\www\WPelegancebones\wp-blog-header.php(13): require_once('C:\\laragon\\www\\...')
#5 C:\laragon\www\WPelegancebones\index.php(17): require('C:\\laragon\\www\\...')
#6 {main}
  thrown en C:\laragon\www\WPelegancebones\wp-includes\plugin.php en la línea 612

2023-12-07T00:46:14+00:00 CRITICAL Uncaught ArgumentCountError: Too few arguments to function remove_action(), 1 passed in C:\laragon\www\WPelegancebones\wp-content\themes\EleganceBones\functions.php on line 184 and at least 2 expected in C:\laragon\www\WPelegancebones\wp-includes\plugin.php:612
Stack trace:
#0 C:\laragon\www\WPelegancebones\wp-content\themes\EleganceBones\functions.php(184): remove_action('woocommerce_aft...')
#1 C:\laragon\www\WPelegancebones\wp-settings.php(611): include('C:\\laragon\\www\\...')
#2 C:\laragon\www\WPelegancebones\wp-config.php(96): require_once('C:\\laragon\\www\\...')
#3 C:\laragon\www\WPelegancebones\wp-load.php(50): require_once('C:\\laragon\\www\\...')
#4 C:\laragon\www\WPelegancebones\wp-blog-header.php(13): require_once('C:\\laragon\\www\\...')
#5 C:\laragon\www\WPelegancebones\index.php(17): require('C:\\laragon\\www\\...')
#6 {main}
  thrown en C:\laragon\www\WPelegancebones\wp-includes\plugin.php en la línea 612

2023-12-07T00:46:16+00:00 CRITICAL Uncaught ArgumentCountError: Too few arguments to function remove_action(), 1 passed in C:\laragon\www\WPelegancebones\wp-content\themes\EleganceBones\functions.php on line 184 and at least 2 expected in C:\laragon\www\WPelegancebones\wp-includes\plugin.php:612
Stack trace:
#0 C:\laragon\www\WPelegancebones\wp-content\themes\EleganceBones\functions.php(184): remove_action('woocommerce_aft...')
#1 C:\laragon\www\WPelegancebones\wp-settings.php(611): include('C:\\laragon\\www\\...')
#2 C:\laragon\www\WPelegancebones\wp-config.php(96): require_once('C:\\laragon\\www\\...')
#3 C:\laragon\www\WPelegancebones\wp-load.php(50): require_once('C:\\laragon\\www\\...')
#4 C:\laragon\www\WPelegancebones\wp-blog-header.php(13): require_once('C:\\laragon\\www\\...')
#5 C:\laragon\www\WPelegancebones\index.php(17): require('C:\\laragon\\www\\...')
#6 {main}
  thrown en C:\laragon\www\WPelegancebones\wp-includes\plugin.php en la línea 612

2023-12-07T00:46:28+00:00 CRITICAL Uncaught ArgumentCountError: Too few arguments to function remove_action(), 1 passed in C:\laragon\www\WPelegancebones\wp-content\themes\EleganceBones\functions.php on line 184 and at least 2 expected in C:\laragon\www\WPelegancebones\wp-includes\plugin.php:612
Stack trace:
#0 C:\laragon\www\WPelegancebones\wp-content\themes\EleganceBones\functions.php(184): remove_action('woocommerce_aft...')
#1 C:\laragon\www\WPelegancebones\wp-settings.php(611): include('C:\\laragon\\www\\...')
#2 C:\laragon\www\WPelegancebones\wp-config.php(96): require_once('C:\\laragon\\www\\...')
#3 C:\laragon\www\WPelegancebones\wp-load.php(50): require_once('C:\\laragon\\www\\...')
#4 C:\laragon\www\WPelegancebones\wp-blog-header.php(13): require_once('C:\\laragon\\www\\...')
#5 C:\laragon\www\WPelegancebones\index.php(17): require('C:\\laragon\\www\\...')
#6 {main}
  thrown en C:\laragon\www\WPelegancebones\wp-includes\plugin.php en la línea 612

2023-12-07T00:46:29+00:00 CRITICAL Uncaught ArgumentCountError: Too few arguments to function remove_action(), 1 passed in C:\laragon\www\WPelegancebones\wp-content\themes\EleganceBones\functions.php on line 184 and at least 2 expected in C:\laragon\www\WPelegancebones\wp-includes\plugin.php:612
Stack trace:
#0 C:\laragon\www\WPelegancebones\wp-content\themes\EleganceBones\functions.php(184): remove_action('woocommerce_aft...')
#1 C:\laragon\www\WPelegancebones\wp-settings.php(611): include('C:\\laragon\\www\\...')
#2 C:\laragon\www\WPelegancebones\wp-config.php(96): require_once('C:\\laragon\\www\\...')
#3 C:\laragon\www\WPelegancebones\wp-load.php(50): require_once('C:\\laragon\\www\\...')
#4 C:\laragon\www\WPelegancebones\wp-blog-header.php(13): require_once('C:\\laragon\\www\\...')
#5 C:\laragon\www\WPelegancebones\index.php(17): require('C:\\laragon\\www\\...')
#6 {main}
  thrown en C:\laragon\www\WPelegancebones\wp-includes\plugin.php en la línea 612

2023-12-07T14:19:41+00:00 CRITICAL Uncaught TypeError: call_user_func_array(): Argument #1 ($callback) must be a valid callback, function "mi_tema_admin_color_scheme" not found or invalid function name in C:\laragon\www\WPelegancebones\wp-includes\class-wp-hook.php:324
Stack trace:
#0 C:\laragon\www\WPelegancebones\wp-includes\class-wp-hook.php(348): WP_Hook->apply_filters(NULL, Array)
#1 C:\laragon\www\WPelegancebones\wp-includes\plugin.php(517): WP_Hook->do_action(Array)
#2 C:\laragon\www\WPelegancebones\wp-admin\admin-ajax.php(45): do_action('admin_init')
#3 {main}
  thrown en C:\laragon\www\WPelegancebones\wp-includes\class-wp-hook.php en la línea 324

2023-12-07T14:19:41+00:00 CRITICAL Uncaught TypeError: call_user_func_array(): Argument #1 ($callback) must be a valid callback, function "mi_tema_admin_color_scheme" not found or invalid function name in C:\laragon\www\WPelegancebones\wp-includes\class-wp-hook.php:324
Stack trace:
#0 C:\laragon\www\WPelegancebones\wp-includes\class-wp-hook.php(348): WP_Hook->apply_filters(NULL, Array)
#1 C:\laragon\www\WPelegancebones\wp-includes\plugin.php(517): WP_Hook->do_action(Array)
#2 C:\laragon\www\WPelegancebones\wp-admin\admin.php(175): do_action('admin_init')
#3 C:\laragon\www\WPelegancebones\wp-admin\user-edit.php(10): require_once('C:\\laragon\\www\\...')
#4 C:\laragon\www\WPelegancebones\wp-admin\profile.php(18): require_once('C:\\laragon\\www\\...')
#5 {main}
  thrown en C:\laragon\www\WPelegancebones\wp-includes\class-wp-hook.php en la línea 324

