2023-12-04T20:57:52+00:00 CRITICAL Uncaught Error: Failed opening required 'http://wpelegancebones.test/wp-content/themes/EleganceBones/template/carrito_nav.php' (include_path='.;C:/laragon/etc/php/pear') in C:\laragon\www\WPelegancebones\wp-content\themes\EleganceBones\header.php:28
Stack trace:
#0 C:\laragon\www\WPelegancebones\wp-includes\template.php(790): require_once()
#1 C:\laragon\www\WPelegancebones\wp-includes\template.php(725): load_template('C:\\laragon\\www\\...', true, Array)
#2 C:\laragon\www\WPelegancebones\wp-includes\general-template.php(48): locate_template(Array, true, true, Array)
#3 C:\laragon\www\WPelegancebones\wp-content\themes\EleganceBones\index.php(1): get_header()
#4 C:\laragon\www\WPelegancebones\wp-includes\template-loader.php(106): include('C:\\laragon\\www\\...')
#5 C:\laragon\www\WPelegancebones\wp-blog-header.php(19): require_once('C:\\laragon\\www\\...')
#6 C:\laragon\www\WPelegancebones\index.php(17): require('C:\\laragon\\www\\...')
#7 {main}
  thrown en C:\laragon\www\WPelegancebones\wp-content\themes\EleganceBones\header.php en la línea 28

2023-12-04T20:58:19+00:00 CRITICAL Uncaught Error: Failed opening required 'http://wpelegancebones.test/wp-content/themes/EleganceBones/template/carrito_nav.php' (include_path='.;C:/laragon/etc/php/pear') in C:\laragon\www\WPelegancebones\wp-content\themes\EleganceBones\header.php:28
Stack trace:
#0 C:\laragon\www\WPelegancebones\wp-includes\template.php(790): require_once()
#1 C:\laragon\www\WPelegancebones\wp-includes\template.php(725): load_template('C:\\laragon\\www\\...', true, Array)
#2 C:\laragon\www\WPelegancebones\wp-includes\general-template.php(48): locate_template(Array, true, true, Array)
#3 C:\laragon\www\WPelegancebones\wp-content\themes\EleganceBones\index.php(1): get_header()
#4 C:\laragon\www\WPelegancebones\wp-includes\template-loader.php(106): include('C:\\laragon\\www\\...')
#5 C:\laragon\www\WPelegancebones\wp-blog-header.php(19): require_once('C:\\laragon\\www\\...')
#6 C:\laragon\www\WPelegancebones\index.php(17): require('C:\\laragon\\www\\...')
#7 {main}
  thrown en C:\laragon\www\WPelegancebones\wp-content\themes\EleganceBones\header.php en la línea 28

2023-12-04T21:48:51+00:00 CRITICAL Unmatched '}' en C:\laragon\www\WPelegancebones\wp-content\themes\EleganceBones\includes\widgets.php en la línea 20

2023-12-04T21:50:24+00:00 CRITICAL Uncaught Error: Failed opening required 'http://wpelegancebones.test/wp-content/themes/EleganceBones/template/carrito_nav.php' (include_path='.;C:/laragon/etc/php/pear') in C:\laragon\www\WPelegancebones\wp-content\themes\EleganceBones\header.php:35
Stack trace:
#0 C:\laragon\www\WPelegancebones\wp-includes\template.php(790): require_once()
#1 C:\laragon\www\WPelegancebones\wp-includes\template.php(725): load_template('C:\\laragon\\www\\...', true, Array)
#2 C:\laragon\www\WPelegancebones\wp-includes\general-template.php(48): locate_template(Array, true, true, Array)
#3 C:\laragon\www\WPelegancebones\wp-content\themes\EleganceBones\index.php(1): get_header()
#4 C:\laragon\www\WPelegancebones\wp-includes\template-loader.php(106): include('C:\\laragon\\www\\...')
#5 C:\laragon\www\WPelegancebones\wp-blog-header.php(19): require_once('C:\\laragon\\www\\...')
#6 C:\laragon\www\WPelegancebones\index.php(17): require('C:\\laragon\\www\\...')
#7 {main}
  thrown en C:\laragon\www\WPelegancebones\wp-content\themes\EleganceBones\header.php en la línea 35

2023-12-04T22:02:24+00:00 CRITICAL Uncaught TypeError: call_user_func_array(): Argument #1 ($callback) must be a valid callback, function "gymfitness_widgets" not found or invalid function name in C:\laragon\www\WPelegancebones\wp-includes\class-wp-hook.php:324
Stack trace:
#0 C:\laragon\www\WPelegancebones\wp-includes\class-wp-hook.php(348): WP_Hook->apply_filters(NULL, Array)
#1 C:\laragon\www\WPelegancebones\wp-includes\plugin.php(517): WP_Hook->do_action(Array)
#2 C:\laragon\www\WPelegancebones\wp-includes\widgets.php(1858): do_action('widgets_init')
#3 C:\laragon\www\WPelegancebones\wp-includes\class-wp-hook.php(324): wp_widgets_init('')
#4 C:\laragon\www\WPelegancebones\wp-includes\class-wp-hook.php(348): WP_Hook->apply_filters(NULL, Array)
#5 C:\laragon\www\WPelegancebones\wp-includes\plugin.php(517): WP_Hook->do_action(Array)
#6 C:\laragon\www\WPelegancebones\wp-settings.php(643): do_action('init')
#7 C:\laragon\www\WPelegancebones\wp-config.php(96): require_once('C:\\laragon\\www\\...')
#8 C:\laragon\www\WPelegancebones\wp-load.php(50): require_once('C:\\laragon\\www\\...')
#9 C:\laragon\www\WPelegancebones\wp-admin\admin-ajax.php(22): require_once('C:\\laragon\\www\\...')
#10 {main}
  thrown en C:\laragon\www\WPelegancebones\wp-includes\class-wp-hook.php en la línea 324

