2023-12-06T20:28:33+00:00 CRITICAL Uncaught TypeError: Cannot access offset of type string on string in C:\laragon\www\WPelegancebones\wp-content\themes\EleganceBones\functions.php:111
Stack trace:
#0 C:\laragon\www\WPelegancebones\wp-includes\class-wp-hook.php(324): custom_orderby('')
#1 C:\laragon\www\WPelegancebones\wp-includes\class-wp-hook.php(348): WP_Hook->apply_filters(NULL, Array)
#2 C:\laragon\www\WPelegancebones\wp-includes\plugin.php(517): WP_Hook->do_action(Array)
#3 C:\laragon\www\WPelegancebones\wp-content\themes\EleganceBones\woocommerce\archive-product.php(7): do_action('woocommerce_bef...')
#4 C:\laragon\www\WPelegancebones\wp-includes\template-loader.php(106): include('C:\\laragon\\www\\...')
#5 C:\laragon\www\WPelegancebones\wp-blog-header.php(19): require_once('C:\\laragon\\www\\...')
#6 C:\laragon\www\WPelegancebones\index.php(17): require('C:\\laragon\\www\\...')
#7 {main}
  thrown en C:\laragon\www\WPelegancebones\wp-content\themes\EleganceBones\functions.php en la línea 111

2023-12-06T20:28:56+00:00 CRITICAL Uncaught TypeError: Cannot access offset of type string on string in C:\laragon\www\WPelegancebones\wp-content\themes\EleganceBones\functions.php:111
Stack trace:
#0 C:\laragon\www\WPelegancebones\wp-includes\class-wp-hook.php(324): custom_orderby('')
#1 C:\laragon\www\WPelegancebones\wp-includes\class-wp-hook.php(348): WP_Hook->apply_filters(NULL, Array)
#2 C:\laragon\www\WPelegancebones\wp-includes\plugin.php(517): WP_Hook->do_action(Array)
#3 C:\laragon\www\WPelegancebones\wp-content\themes\EleganceBones\woocommerce\archive-product.php(7): do_action('woocommerce_bef...')
#4 C:\laragon\www\WPelegancebones\wp-includes\template-loader.php(106): include('C:\\laragon\\www\\...')
#5 C:\laragon\www\WPelegancebones\wp-blog-header.php(19): require_once('C:\\laragon\\www\\...')
#6 C:\laragon\www\WPelegancebones\index.php(17): require('C:\\laragon\\www\\...')
#7 {main}
  thrown en C:\laragon\www\WPelegancebones\wp-content\themes\EleganceBones\functions.php en la línea 111

2023-12-06T20:29:05+00:00 CRITICAL Uncaught TypeError: Cannot access offset of type string on string in C:\laragon\www\WPelegancebones\wp-content\themes\EleganceBones\functions.php:111
Stack trace:
#0 C:\laragon\www\WPelegancebones\wp-includes\class-wp-hook.php(324): custom_orderby('')
#1 C:\laragon\www\WPelegancebones\wp-includes\class-wp-hook.php(348): WP_Hook->apply_filters(NULL, Array)
#2 C:\laragon\www\WPelegancebones\wp-includes\plugin.php(517): WP_Hook->do_action(Array)
#3 C:\laragon\www\WPelegancebones\wp-content\themes\EleganceBones\woocommerce\archive-product.php(7): do_action('woocommerce_bef...')
#4 C:\laragon\www\WPelegancebones\wp-includes\template-loader.php(106): include('C:\\laragon\\www\\...')
#5 C:\laragon\www\WPelegancebones\wp-blog-header.php(19): require_once('C:\\laragon\\www\\...')
#6 C:\laragon\www\WPelegancebones\index.php(17): require('C:\\laragon\\www\\...')
#7 {main}
  thrown en C:\laragon\www\WPelegancebones\wp-content\themes\EleganceBones\functions.php en la línea 111

2023-12-06T20:29:39+00:00 CRITICAL Uncaught TypeError: Cannot access offset of type string on string in C:\laragon\www\WPelegancebones\wp-content\themes\EleganceBones\functions.php:111
Stack trace:
#0 C:\laragon\www\WPelegancebones\wp-includes\class-wp-hook.php(324): custom_orderby('')
#1 C:\laragon\www\WPelegancebones\wp-includes\class-wp-hook.php(348): WP_Hook->apply_filters(NULL, Array)
#2 C:\laragon\www\WPelegancebones\wp-includes\plugin.php(517): WP_Hook->do_action(Array)
#3 C:\laragon\www\WPelegancebones\wp-content\themes\EleganceBones\woocommerce\archive-product.php(7): do_action('woocommerce_bef...')
#4 C:\laragon\www\WPelegancebones\wp-includes\template-loader.php(106): include('C:\\laragon\\www\\...')
#5 C:\laragon\www\WPelegancebones\wp-blog-header.php(19): require_once('C:\\laragon\\www\\...')
#6 C:\laragon\www\WPelegancebones\index.php(17): require('C:\\laragon\\www\\...')
#7 {main}
  thrown en C:\laragon\www\WPelegancebones\wp-content\themes\EleganceBones\functions.php en la línea 111

2023-12-06T20:29:48+00:00 CRITICAL Uncaught TypeError: Cannot access offset of type string on string in C:\laragon\www\WPelegancebones\wp-content\themes\EleganceBones\functions.php:111
Stack trace:
#0 C:\laragon\www\WPelegancebones\wp-includes\class-wp-hook.php(324): custom_orderby('')
#1 C:\laragon\www\WPelegancebones\wp-includes\class-wp-hook.php(348): WP_Hook->apply_filters(NULL, Array)
#2 C:\laragon\www\WPelegancebones\wp-includes\plugin.php(517): WP_Hook->do_action(Array)
#3 C:\laragon\www\WPelegancebones\wp-content\themes\EleganceBones\woocommerce\archive-product.php(7): do_action('woocommerce_bef...')
#4 C:\laragon\www\WPelegancebones\wp-includes\template-loader.php(106): include('C:\\laragon\\www\\...')
#5 C:\laragon\www\WPelegancebones\wp-blog-header.php(19): require_once('C:\\laragon\\www\\...')
#6 C:\laragon\www\WPelegancebones\index.php(17): require('C:\\laragon\\www\\...')
#7 {main}
  thrown en C:\laragon\www\WPelegancebones\wp-content\themes\EleganceBones\functions.php en la línea 111

